{
  "RSpec": {
    "coverage": {
      "/Users/oleksiykharlov/Documents/MyProjects/MovieSearchRails/spec/controllers/movies_controller_spec.rb": [
        1,
        null,
        1,
        null,
        null,
        null,
        null,
        null,
        null,
        null,
        null,
        null,
        1,
        1,
        4,
        1,
        3,
        3,
        3,
        3,
        3,
        3,
        null,
        1,
        1,
        null,
        null,
        1,
        1,
        1,
        null,
        null,
        1,
        1,
        1,
        1,
        1,
        8,
        null,
        1,
        null,
        null,
        null
      ],
      "/Users/oleksiykharlov/Documents/MyProjects/MovieSearchRails/spec/rails_helper.rb": [
        null,
        1,
        1,
        null,
        1,
        null,
        null,
        1,
        1,
        null,
        null,
        null,
        null,
        null,
        null,
        null,
        null,
        null,
        null,
        null,
        null,
        null,
        null,
        null,
        null,
        null,
        1,
        null,
        null,
        null,
        null,
        null,
        null,
        null,
        null,
        null,
        null,
        null,
        null,
        null,
        1,
        null,
        null,
        1,
        null,
        null,
        null
      ],
      "/Users/oleksiykharlov/Documents/MyProjects/MovieSearchRails/config/environment.rb": [
        null,
        1,
        null,
        null,
        1
      ],
      "/Users/oleksiykharlov/Documents/MyProjects/MovieSearchRails/config/application.rb": [
        1,
        null,
        1,
        null,
        1,
        1,
        null,
        null,
        1,
        1,
        null,
        null,
        1,
        1,
        null,
        1,
        null,
        null,
        null,
        1,
        null,
        1,
        1,
        null,
        1,
        null,
        null,
        null,
        null,
        null,
        null,
        null,
        null,
        null,
        1,
        1,
        null,
        null
      ],
      "/Users/oleksiykharlov/Documents/MyProjects/MovieSearchRails/config/boot.rb": [
        1,
        null,
        1,
        1
      ],
      "/Users/oleksiykharlov/Documents/MyProjects/MovieSearchRails/config/environments/test.rb": [
        null,
        null,
        null,
        null,
        null,
        1,
        null,
        null,
        1,
        null,
        null,
        null,
        null,
        1,
        null,
        null,
        1,
        1,
        null,
        null,
        null,
        null,
        1,
        1,
        1,
        null,
        null,
        1,
        null,
        null,
        1,
        null,
        1,
        null,
        null,
        null,
        null,
        1,
        null,
        null,
        1,
        null,
        null,
        null,
        null
      ],
      "/Users/oleksiykharlov/Documents/MyProjects/MovieSearchRails/config/initializers/application_controller_renderer.rb": [
        null,
        null,
        null,
        null,
        null,
        null,
        null,
        null
      ],
      "/Users/oleksiykharlov/Documents/MyProjects/MovieSearchRails/config/initializers/backtrace_silencers.rb": [
        null,
        null,
        null,
        null,
        null,
        null,
        null
      ],
      "/Users/oleksiykharlov/Documents/MyProjects/MovieSearchRails/config/initializers/cors.rb": [
        null,
        null,
        null,
        null,
        null,
        null,
        null,
        null,
        null,
        null,
        null,
        null,
        null,
        null,
        null,
        null
      ],
      "/Users/oleksiykharlov/Documents/MyProjects/MovieSearchRails/config/initializers/filter_parameter_logging.rb": [
        null,
        null,
        null,
        1
      ],
      "/Users/oleksiykharlov/Documents/MyProjects/MovieSearchRails/config/initializers/inflections.rb": [
        null,
        null,
        null,
        null,
        null,
        null,
        null,
        null,
        null,
        null,
        null,
        null,
        null,
        null,
        null,
        null
      ],
      "/Users/oleksiykharlov/Documents/MyProjects/MovieSearchRails/config/initializers/mime_types.rb": [
        null,
        null,
        null,
        null
      ],
      "/Users/oleksiykharlov/Documents/MyProjects/MovieSearchRails/config/initializers/wrap_parameters.rb": [
        null,
        null,
        null,
        null,
        null,
        null,
        1,
        null,
        2,
        null
      ],
      "/Users/oleksiykharlov/Documents/MyProjects/MovieSearchRails/config/routes.rb": [
        1,
        null,
        1,
        1,
        null,
        1,
        null,
        null,
        null
      ],
      "/Users/oleksiykharlov/Documents/MyProjects/MovieSearchRails/app/controllers/movies_controller.rb": [
        1,
        null,
        1,
        1,
        null,
        1,
        1,
        null,
        null,
        1,
        6,
        6,
        6,
        null,
        null,
        1,
        null,
        1,
        6,
        null,
        null,
        1,
        6,
        6,
        null,
        null,
        null,
        null
      ],
      "/Users/oleksiykharlov/Documents/MyProjects/MovieSearchRails/app/controllers/application_controller.rb": [
        1,
        null
      ],
      "/Users/oleksiykharlov/Documents/MyProjects/MovieSearchRails/spec/models/movie_search_client_spec.rb": [
        1,
        1,
        1,
        null,
        1,
        1,
        null,
        1,
        1,
        1,
        1,
        1,
        null,
        null,
        null,
        12,
        null,
        1,
        1,
        3,
        1,
        2,
        2,
        null,
        null,
        1,
        1,
        1,
        null,
        null,
        1,
        2,
        null,
        null,
        null,
        null,
        null,
        1,
        2,
        1,
        1,
        1,
        null,
        null,
        1,
        1,
        1,
        null,
        null,
        null,
        null,
        1,
        1,
        3,
        1,
        2,
        2,
        null,
        null,
        1,
        1,
        null,
        null,
        1,
        1,
        4,
        null,
        null,
        null,
        null,
        null,
        1,
        3,
        1,
        2,
        2,
        null,
        null,
        1,
        1,
        null,
        null,
        1,
        1,
        4,
        null,
        null,
        null,
        null,
        null,
        1,
        1,
        3,
        1,
        2,
        2,
        null,
        null,
        1,
        1,
        null,
        null,
        1,
        1,
        4,
        null,
        null,
        null,
        null,
        1,
        3,
        1,
        2,
        2,
        null,
        null,
        1,
        1,
        null,
        null,
        1,
        1,
        4,
        null,
        null,
        null,
        null,
        null
      ],
      "/Users/oleksiykharlov/Documents/MyProjects/MovieSearchRails/spec/remote_api_stub.rb": [
        1,
        1,
        6,
        6,
        6,
        18,
        6,
        null,
        null,
        null,
        null,
        null,
        null,
        null,
        null,
        null,
        null,
        null,
        null,
        null,
        null,
        null,
        null,
        null,
        null,
        null,
        null,
        null,
        null,
        null,
        6,
        null,
        null,
        null,
        null,
        null,
        null,
        null,
        null,
        null,
        null,
        null,
        null,
        null,
        null,
        null,
        null,
        null,
        6,
        null,
        null,
        null,
        null,
        null,
        6,
        null,
        null,
        6,
        null,
        null,
        null,
        null,
        null,
        1,
        7,
        null,
        null,
        null,
        null,
        null,
        null,
        null,
        null,
        null,
        null,
        null,
        null,
        null,
        null,
        null,
        null,
        null,
        null,
        null,
        null,
        null,
        null,
        null,
        null,
        null,
        null,
        null,
        null,
        null,
        null,
        null,
        null,
        null,
        null,
        null,
        null,
        null,
        null,
        null,
        null,
        null,
        null,
        null,
        null,
        null,
        null,
        null,
        null,
        null,
        null,
        null,
        null,
        null,
        null,
        null,
        null,
        null,
        null,
        null,
        null,
        null,
        null,
        null,
        null,
        null,
        null,
        null,
        null,
        null,
        null,
        null,
        null,
        null,
        null,
        null,
        null,
        null,
        null,
        null,
        null,
        null,
        null,
        null,
        null,
        null,
        null,
        null,
        null,
        null,
        null,
        null,
        null,
        null,
        null,
        null,
        null,
        null,
        null,
        null,
        null,
        null,
        null,
        null,
        null,
        null,
        7,
        null,
        null,
        null,
        null,
        null,
        null,
        null,
        null,
        null,
        null,
        null,
        null,
        null,
        null,
        null,
        null,
        null,
        null,
        null,
        null,
        null,
        7,
        null,
        null,
        null,
        null,
        null,
        null,
        null,
        null,
        null,
        null,
        null,
        null,
        1,
        7,
        7,
        null,
        null,
        null,
        null,
        null,
        null,
        null,
        null,
        null,
        null,
        null,
        null,
        null,
        null,
        null,
        null,
        null,
        null,
        null,
        null,
        null,
        null,
        null,
        null,
        null,
        null,
        null,
        null,
        null,
        null,
        null,
        null,
        null,
        null,
        null,
        null,
        null,
        null,
        null,
        null,
        null,
        null,
        null,
        null,
        null,
        null,
        7,
        null,
        null,
        null,
        null,
        null,
        null,
        null,
        null,
        null,
        null,
        null,
        null,
        null,
        null,
        null,
        null,
        7,
        null,
        null,
        null,
        null,
        null,
        null,
        null,
        null,
        null,
        null,
        null
      ],
      "/Users/oleksiykharlov/Documents/MyProjects/MovieSearchRails/lib/movie_search_client.rb": [
        1,
        null,
        1,
        1,
        1,
        1,
        null,
        1,
        28,
        28,
        28,
        null,
        null,
        1,
        6,
        6,
        null,
        6,
        null,
        null,
        1,
        7,
        7,
        7,
        null,
        null,
        1,
        7,
        7,
        7,
        null,
        null,
        null,
        1,
        null,
        1,
        20,
        20,
        null,
        null,
        1,
        20,
        null,
        null,
        1,
        14,
        null,
        null,
        1,
        6,
        6,
        null,
        null,
        1,
        6,
        6,
        null,
        6,
        null,
        null,
        6,
        null,
        null,
        1,
        6,
        null,
        null,
        null,
        6,
        null,
        null,
        null,
        null
      ],
      "/Users/oleksiykharlov/Documents/MyProjects/MovieSearchRails/spec/models/movie_search_manager_spec.rb": [
        1,
        null,
        null,
        null,
        1,
        2,
        3,
        null,
        3,
        null,
        null,
        3,
        null,
        null,
        3,
        null,
        null,
        null,
        3,
        null,
        3,
        null,
        null,
        5,
        5,
        2,
        2,
        null,
        null,
        null,
        1,
        2,
        null,
        null,
        null,
        null,
        null,
        null,
        null,
        null,
        null,
        null,
        null,
        null,
        null,
        null,
        null,
        null,
        null,
        null,
        2,
        null,
        null,
        null,
        null,
        null,
        null,
        null,
        null,
        null,
        null,
        null,
        null,
        null,
        null,
        null,
        null,
        null,
        null,
        null,
        null,
        null,
        null,
        null,
        null,
        null,
        null,
        null,
        null,
        null,
        null,
        null,
        null,
        null,
        null,
        null,
        null,
        null,
        null,
        null,
        null,
        null,
        null,
        null,
        null,
        null,
        null,
        null,
        null,
        null,
        null,
        null,
        null,
        null,
        null,
        null,
        null,
        null,
        null,
        null,
        null,
        2,
        null,
        null,
        null,
        null,
        null,
        null,
        null,
        null,
        null,
        null,
        null,
        null,
        null,
        null,
        null,
        null,
        null,
        null,
        null,
        null,
        null,
        null,
        null,
        null,
        null,
        null,
        null,
        null,
        null,
        null,
        null,
        null,
        2,
        5,
        5,
        5,
        null,
        5,
        null,
        null,
        5,
        null,
        null,
        null,
        5,
        null,
        null,
        null,
        null,
        null,
        5,
        null,
        5,
        null,
        null,
        7,
        7,
        6,
        null,
        null,
        1,
        1,
        1,
        null,
        null,
        null,
        null,
        null,
        null,
        null,
        null,
        1,
        null,
        null,
        null,
        null,
        null,
        null,
        null,
        null,
        1,
        1,
        1,
        null,
        null,
        null,
        1,
        1,
        1,
        1,
        1,
        null,
        null,
        null,
        1,
        1,
        1,
        2,
        null,
        1,
        1,
        1,
        1,
        null,
        null,
        null,
        null,
        1,
        null,
        1,
        1,
        null,
        1,
        1,
        1,
        null,
        null,
        1,
        1,
        null,
        null,
        1,
        1,
        null,
        null,
        1,
        1,
        null,
        null,
        null,
        1,
        null,
        1,
        null,
        1,
        1,
        1,
        null,
        null,
        1,
        1,
        null,
        null,
        null,
        null,
        1,
        1,
        1,
        null,
        1,
        1,
        1,
        null,
        null,
        1,
        1,
        1,
        null,
        null,
        null,
        null,
        1,
        2,
        2,
        null,
        1,
        2,
        null,
        null,
        null,
        1,
        null,
        1,
        null,
        1,
        1,
        1,
        null,
        1,
        1,
        null,
        null,
        null,
        null
      ],
      "/Users/oleksiykharlov/Documents/MyProjects/MovieSearchRails/lib/movie_search_manager.rb": [
        1,
        null,
        1,
        null,
        1,
        16,
        16,
        null,
        null,
        null,
        1,
        11,
        19,
        8,
        8,
        8,
        null,
        null,
        null,
        null,
        1,
        6,
        5,
        null,
        null,
        1,
        null,
        null,
        null,
        1,
        8,
        null,
        null,
        1,
        8,
        null,
        null,
        null
      ],
      "/Users/oleksiykharlov/Documents/MyProjects/MovieSearchRails/spec/models/movies_data_formatter_spec.rb": [
        1,
        null,
        1,
        null,
        1,
        null,
        null,
        null,
        null,
        null,
        null,
        null,
        null,
        null,
        1,
        1,
        1,
        2,
        1,
        1,
        null,
        null,
        null,
        null,
        1,
        1,
        3,
        3,
        1,
        1,
        1,
        null,
        null,
        1,
        1,
        1,
        null,
        null,
        null,
        null,
        1,
        2,
        1,
        2,
        null,
        null,
        null,
        null
      ],
      "/Users/oleksiykharlov/Documents/MyProjects/MovieSearchRails/lib/movies_data_formatter.rb": [
        1,
        null,
        null,
        null,
        null,
        1,
        1,
        null,
        1,
        11,
        null,
        null,
        1,
        8,
        7,
        6,
        6,
        null,
        null,
        null,
        1,
        null,
        1,
        13,
        12,
        12,
        12,
        48,
        null,
        12,
        null,
        null
      ],
      "/Users/oleksiykharlov/Documents/MyProjects/MovieSearchRails/spec/requests/movies_spec.rb": [
        1,
        1,
        null,
        1,
        1,
        null,
        null,
        1,
        1,
        null,
        1,
        1,
        3,
        3,
        3,
        null,
        3,
        null,
        null,
        1,
        1,
        null,
        null,
        1,
        1,
        1,
        null,
        null,
        1,
        1,
        1,
        1,
        1,
        8,
        null,
        1,
        null,
        null,
        null,
        null,
        null,
        null,
        null
      ]
    },
    "timestamp": 1577663578
  }
}
